183
0
0
128
147
224
0
1
55
1
0
128
19
97
17
0
179
1
17
0
147
129
225
15
179
129
33
0
179
129
33
64
183
0
255
255
51
161
0
0
51
177
0
0
183
16
0
0
147
161
0
128
147
177
0
128
128
0 81
1 a0
2 c5
3 0
3 0
3 0
3 0
3 0
3 0
4 e1
0 0 0 0 0 0 0 0 0 0 0 0 0 0 0 0 0 0 0 0 0 0 0 0 0 0 0 0 0 0 0 0 0 0 0 0 0 0 0 0 
0 0 0 0 0 
Read request : 0 800000b7
0 82
1 a0
2 c5
3 4
3 0
3 0
3 0
3 0
3 0
4 e2
0 0 0 0 0 0 0 0 0 0 0 0 0 0 0 0 0 0 0 0 0 0 0 0 0 0 0 0 0 0 0 0 0 0 0 0 0 1 0 0 
0 0 0 0 4 
Read request : 4 100e093
0 83
1 a0
2 c5
3 8
3 0
3 0
3 0
3 0
3 0
4 e3
0 0 0 0 0 0 0 0 0 0 0 0 0 0 0 0 0 0 0 0 0 0 0 0 0 0 0 0 0 0 0 0 0 0 0 0 1 0 0 0 
0 0 0 0 8 
Read request : 8 80000137
0 84
1 a0
2 c5
3 c
3 0
3 0
3 0
3 0
3 0
4 e4
0 0 0 0 0 0 0 0 0 0 0 0 0 0 0 0 0 0 0 0 0 0 0 0 0 0 0 0 0 0 0 0 0 0 0 0 1 1 0 0 
0 0 0 0 c 
Read request : c 116113
0 85
1 a0
2 c5
3 10
3 0
3 0
3 0
3 0
3 0
4 e5
0 0 0 0 0 0 0 0 0 0 0 0 0 0 0 0 0 0 0 0 0 0 0 0 0 0 0 0 0 0 0 0 0 0 0 1 0 0 0 0 
0 0 0 0 10 
Read request : 10 1101b3
0 86
1 a0
2 c5
3 14
3 0
3 0
3 0
3 0
3 0
4 e6
0 0 0 0 0 0 0 0 0 0 0 0 0 0 0 0 0 0 0 0 0 0 0 0 0 0 0 0 0 0 0 0 0 0 0 1 0 1 0 0 
0 0 0 0 14 
Read request : 14 fe18193
0 87
1 a0
2 c5
3 18
3 0
3 0
3 0
3 0
3 0
4 e7
0 0 0 0 0 0 0 0 0 0 0 0 0 0 0 0 0 0 0 0 0 0 0 0 0 0 0 0 0 0 0 0 0 0 0 1 1 0 0 0 
0 0 0 0 18 
Read request : 18 2181b3
0 88
1 a0
2 c5
3 1c
3 0
3 0
3 0
3 0
3 0
4 e8
0 0 0 0 0 0 0 0 0 0 0 0 0 0 0 0 0 0 0 0 0 0 0 0 0 0 0 0 0 0 0 0 0 0 0 1 1 1 0 0 
0 0 0 0 1c 
Read request : 1c 402181b3
0 89
1 a0
2 c5
3 20
3 0
3 0
3 0
3 0
3 0
4 e9
0 0 0 0 0 0 0 0 0 0 0 0 0 0 0 0 0 0 0 0 0 0 0 0 0 0 0 0 0 0 0 0 0 0 1 0 0 0 0 0 
0 0 0 0 20 
Read request : 20 ffff00b7
0 8a
1 a0
2 c5
3 24
3 0
3 0
3 0
3 0
3 0
4 ea
0 0 0 0 0 0 0 0 0 0 0 0 0 0 0 0 0 0 0 0 0 0 0 0 0 0 0 0 0 0 0 0 0 0 1 0 0 1 0 0 
0 0 0 0 24 
Read request : 24 a133
0 8b
1 a0
2 c5
3 28
3 0
3 0
3 0
3 0
3 0
4 eb
0 0 0 0 0 0 0 0 0 0 0 0 0 0 0 0 0 0 0 0 0 0 0 0 0 0 0 0 0 0 0 0 0 0 1 0 1 0 0 0 
0 0 0 0 28 
Read request : 28 b133
0 8c
1 a0
2 c5
3 2c
3 0
3 0
3 0
3 0
3 0
4 ec
0 0 0 0 0 0 0 0 0 0 0 0 0 0 0 0 0 0 0 0 0 0 0 0 0 0 0 0 0 0 0 0 0 0 1 0 1 1 0 0 
0 0 0 0 2c 
Read request : 2c 10b7
0 8d
1 a0
2 c5
3 30
3 0
3 0
3 0
3 0
3 0
4 ed
0 0 0 0 0 0 0 0 0 0 0 0 0 0 0 0 0 0 0 0 0 0 0 0 0 0 0 0 0 0 0 0 0 0 1 1 0 0 0 0 
0 0 0 0 30 
Read request : 30 8000a193
0 8e
1 a0
2 c5
3 34
3 0
3 0
3 0
3 0
3 0
4 ee
0 0 0 0 0 0 0 0 0 0 0 0 0 0 0 0 0 0 0 0 0 0 0 0 0 0 0 0 0 0 0 0 0 0 1 1 0 1 0 0 
0 0 0 0 34 
Read request : 34 8000b193
0 8f
1 a0
2 c5
3 38
3 0
3 0
3 0
3 0
3 0
4 ef
0 0 0 0 0 0 0 0 0 0 0 0 0 0 0 0 0 0 0 0 0 0 0 0 0 0 0 0 0 0 0 0 0 0 1 1 1 0 0 0 
0 0 0 0 38 
Read request : 38 80
0 90
1 a0
2 c5
3 3c
3 0
3 0
3 0
3 0
3 0
4 f0
0 0 0 0 0 0 0 0 0 0 0 0 0 0 0 0 0 0 0 0 0 0 0 0 0 0 0 0 0 0 0 0 0 0 1 1 1 1 0 0 
0 0 0 0 3c 
Read request : 3c 0
