98
55
48
49
32
48
48
56
48
32
57
51
54
48
32
49
48
48
48
32
54
102
48
48
32
99
48
48
48
32
57
51
54
48
32
49
48
49
49
10
57
51
54
48
32
48
48
49
49
32
57
51
54
48
32
50
48
48
48
32
101
102
48
50
32
56
48
48
49
32
57
51
54
48
32
48
48
49
49
10
57
51
54
48
32
49
48
49
49
32
54
51
57
97
32
48
48
48
52
32
57
51
54
48
32
48
48
49
49
32
57
51
54
48
32
49
48
49
49
10
57
51
54
48
32
51
48
48
48
32
51
51
101
49
32
48
50
48
48
32
54
51
56
48
32
51
49
48
52
32
57
51
54
48
32
49
48
49
49
10
57
51
54
48
32
48
48
49
49
32
57
51
54
48
32
53
48
48
48
32
54
51
100
56
32
49
49
48
50
32
57
51
54
48
32
54
48
48
48
10
54
51
102
48
32
49
49
48
50
32
57
51
54
48
32
49
48
49
49
32
57
51
54
48
32
48
48
48
49
32
54
51
57
50
32
51
48
48
50
10
57
51
54
48
32
56
48
48
48
32
101
51
99
56
32
48
48
102
101
32
57
51
54
48
32
57
48
48
48
32
101
51
101
54
32
51
48
102
101
10
57
51
54
48
32
55
48
48
48
32
101
51
99
54
32
49
49
102
101
32
57
51
54
48
32
52
48
48
48
32
101
51
100
52
32
48
48
102
99
10
57
51
54
48
32
49
48
48
49
32
101
51
57
56
32
49
48
102
99
32
57
51
54
48
32
50
48
48
49
32
57
51
54
49
32
52
48
48
49
10
57
51
56
48
32
49
48
48
48
32
101
51
99
101
32
51
48
102
101
32
57
51
100
49
32
49
48
48
48
32
98
51
56
48
32
51
48
52
48
10
101
51
100
101
32
48
48
102
101
32
49
51
48
48
32
48
48
48
48
32
49
51
48
48
32
48
48
48
48
32
32
0 81
1 a0
2 c5
3 0
3 0
3 0
3 0
3 0
3 0
4 e1
0 0 0 0 0 0 0 0 0 0 0 0 0 0 0 0 0 0 0 0 0 0 0 0 0 0 0 0 0 0 0 0 0 0 0 0 0 0 0 0 
0 0 0 0 0 
Read request : 0 31303762
0 82
1 a0
2 c5
3 4
3 0
3 0
3 0
3 0
3 0
4 e2
0 0 0 0 0 0 0 0 0 0 0 0 0 0 0 0 0 0 0 0 0 0 0 0 0 0 0 0 0 0 0 0 0 0 0 0 0 1 0 0 
0 0 0 0 4 
Read request : 4 38303020
0 83
1 a0
2 c5
3 8
3 0
3 0
3 0
3 0
3 0
4 e3
0 0 0 0 0 0 0 0 0 0 0 0 0 0 0 0 0 0 0 0 0 0 0 0 0 0 0 0 0 0 0 0 0 0 0 0 1 0 0 0 
0 0 0 0 8 
Read request : 8 33392030
0 84
1 a0
2 c5
3 c
3 0
3 0
3 0
3 0
3 0
4 e4
0 0 0 0 0 0 0 0 0 0 0 0 0 0 0 0 0 0 0 0 0 0 0 0 0 0 0 0 0 0 0 0 0 0 0 0 1 1 0 0 
0 0 0 0 c 
Read request : c 31203036
0 85
1 a0
2 c5
3 10
3 0
3 0
3 0
3 0
3 0
4 e5
0 0 0 0 0 0 0 0 0 0 0 0 0 0 0 0 0 0 0 0 0 0 0 0 0 0 0 0 0 0 0 0 0 0 0 1 0 0 0 0 
0 0 0 0 10 
Read request : 10 20303030
0 86
1 a0
2 c5
3 14
3 0
3 0
3 0
3 0
3 0
4 e6
0 0 0 0 0 0 0 0 0 0 0 0 0 0 0 0 0 0 0 0 0 0 0 0 0 0 0 0 0 0 0 0 0 0 0 1 0 1 0 0 
0 0 0 0 14 
Read request : 14 30306636
0 87
1 a0
2 c5
3 18
3 0
3 0
3 0
3 0
3 0
4 e7
0 0 0 0 0 0 0 0 0 0 0 0 0 0 0 0 0 0 0 0 0 0 0 0 0 0 0 0 0 0 0 0 0 0 0 1 1 0 0 0 
0 0 0 0 18 
Read request : 18 30306320
0 88
1 a0
2 c5
3 1c
3 0
3 0
3 0
3 0
3 0
4 e8
0 0 0 0 0 0 0 0 0 0 0 0 0 0 0 0 0 0 0 0 0 0 0 0 0 0 0 0 0 0 0 0 0 0 0 1 1 1 0 0 
0 0 0 0 1c 
Read request : 1c 33392030
0 89
1 a0
2 c5
3 20
3 0
3 0
3 0
3 0
3 0
4 e9
0 0 0 0 0 0 0 0 0 0 0 0 0 0 0 0 0 0 0 0 0 0 0 0 0 0 0 0 0 0 0 0 0 0 1 0 0 0 0 0 
0 0 0 0 20 
Read request : 20 31203036
0 8a
1 a0
2 c5
3 24
3 0
3 0
3 0
3 0
3 0
4 ea
0 0 0 0 0 0 0 0 0 0 0 0 0 0 0 0 0 0 0 0 0 0 0 0 0 0 0 0 0 0 0 0 0 0 1 0 0 1 0 0 
0 0 0 0 24 
Read request : 24 a313130
0 8b
1 a0
2 c5
3 28
3 0
3 0
3 0
3 0
3 0
4 eb
0 0 0 0 0 0 0 0 0 0 0 0 0 0 0 0 0 0 0 0 0 0 0 0 0 0 0 0 0 0 0 0 0 0 1 0 1 0 0 0 
0 0 0 0 28 
Read request : 28 30363339
0 8c
1 a0
2 c5
3 2c
3 0
3 0
3 0
3 0
3 0
4 ec
0 0 0 0 0 0 0 0 0 0 0 0 0 0 0 0 0 0 0 0 0 0 0 0 0 0 0 0 0 0 0 0 0 0 1 0 1 1 0 0 
0 0 0 0 2c 
Read request : 2c 31303020
0 8d
1 a0
2 c5
3 30
3 0
3 0
3 0
3 0
3 0
4 ed
0 0 0 0 0 0 0 0 0 0 0 0 0 0 0 0 0 0 0 0 0 0 0 0 0 0 0 0 0 0 0 0 0 0 1 1 0 0 0 0 
0 0 0 0 30 
Read request : 30 33392031
0 8e
1 a0
2 c5
3 34
3 0
3 0
3 0
3 0
3 0
4 ee
0 0 0 0 0 0 0 0 0 0 0 0 0 0 0 0 0 0 0 0 0 0 0 0 0 0 0 0 0 0 0 0 0 0 1 1 0 1 0 0 
0 0 0 0 34 
Read request : 34 32203036
0 8f
1 a0
2 c5
3 38
3 0
3 0
3 0
3 0
3 0
4 ef
0 0 0 0 0 0 0 0 0 0 0 0 0 0 0 0 0 0 0 0 0 0 0 0 0 0 0 0 0 0 0 0 0 0 1 1 1 0 0 0 
0 0 0 0 38 
Read request : 38 20303030
0 90
1 a0
2 c5
3 3c
3 0
3 0
3 0
3 0
3 0
4 f0
0 0 0 0 0 0 0 0 0 0 0 0 0 0 0 0 0 0 0 0 0 0 0 0 0 0 0 0 0 0 0 0 0 0 1 1 1 1 0 0 
0 0 0 0 3c 
Read request : 3c 32306665
0 91
1 a0
2 c5
3 40
3 0
3 0
3 0
3 0
3 0
4 f1
0 0 0 0 0 0 0 0 0 0 0 0 0 0 0 0 0 0 0 0 0 0 0 0 0 0 0 0 0 0 0 0 0 1 0 0 0 0 0 0 
0 0 0 0 40 
Read request : 40 30303820
0 92
1 a0
2 c5
3 44
3 0
3 0
3 0
3 0
3 0
4 f2
0 0 0 0 0 0 0 0 0 0 0 0 0 0 0 0 0 0 0 0 0 0 0 0 0 0 0 0 0 0 0 0 0 1 0 0 0 1 0 0 
0 0 0 0 44 
Read request : 44 33392031
0 81
1 a0
2 c5
3 0
3 0
3 0
3 0
3 0
3 0
4 e1
0 0 0 0 0 0 0 0 0 0 0 0 0 0 0 0 0 0 0 0 0 0 0 0 0 0 0 0 0 0 0 0 0 0 0 0 0 0 0 0 
0 0 0 0 0 
Read request : 0 31303762
0 82
1 a0
2 c5
3 4
3 0
3 0
3 0
3 0
3 0
4 e2
0 0 0 0 0 0 0 0 0 0 0 0 0 0 0 0 0 0 0 0 0 0 0 0 0 0 0 0 0 0 0 0 0 0 0 0 0 1 0 0 
0 0 0 0 4 
Read request : 4 38303020
0 83
1 a0
2 c5
3 8
3 0
3 0
3 0
3 0
3 0
4 e3
0 0 0 0 0 0 0 0 0 0 0 0 0 0 0 0 0 0 0 0 0 0 0 0 0 0 0 0 0 0 0 0 0 0 0 0 1 0 0 0 
0 0 0 0 8 
Read request : 8 33392030
0 84
1 a0
2 c5
3 c
3 0
3 0
3 0
3 0
3 0
4 e4
0 0 0 0 0 0 0 0 0 0 0 0 0 0 0 0 0 0 0 0 0 0 0 0 0 0 0 0 0 0 0 0 0 0 0 0 1 1 0 0 
0 0 0 0 c 
Read request : c 31203036
0 85
1 a0
2 c5
3 10
3 0
3 0
3 0
3 0
3 0
4 e5
0 0 0 0 0 0 0 0 0 0 0 0 0 0 0 0 0 0 0 0 0 0 0 0 0 0 0 0 0 0 0 0 0 0 0 1 0 0 0 0 
0 0 0 0 10 
Read request : 10 20303030
0 86
1 a0
2 c5
3 14
3 0
3 0
3 0
3 0
3 0
4 e6
0 0 0 0 0 0 0 0 0 0 0 0 0 0 0 0 0 0 0 0 0 0 0 0 0 0 0 0 0 0 0 0 0 0 0 1 0 1 0 0 
0 0 0 0 14 
Read request : 14 30306636
0 87
1 a0
2 c5
3 18
3 0
3 0
3 0
3 0
3 0
4 e7
0 0 0 0 0 0 0 0 0 0 0 0 0 0 0 0 0 0 0 0 0 0 0 0 0 0 0 0 0 0 0 0 0 0 0 1 1 0 0 0 
0 0 0 0 18 
Read request : 18 30306320
0 88
1 a0
2 c5
3 1c
3 0
3 0
3 0
3 0
3 0
4 e8
0 0 0 0 0 0 0 0 0 0 0 0 0 0 0 0 0 0 0 0 0 0 0 0 0 0 0 0 0 0 0 0 0 0 0 1 1 1 0 0 
0 0 0 0 1c 
Read request : 1c 33392030
0 89
1 a0
2 c5
3 20
3 0
3 0
3 0
3 0
3 0
4 e9
0 0 0 0 0 0 0 0 0 0 0 0 0 0 0 0 0 0 0 0 0 0 0 0 0 0 0 0 0 0 0 0 0 0 1 0 0 0 0 0 
0 0 0 0 20 
Read request : 20 31203036
0 8a
1 a0
2 c5
3 24
3 0
3 0
3 0
3 0
3 0
4 ea
0 0 0 0 0 0 0 0 0 0 0 0 0 0 0 0 0 0 0 0 0 0 0 0 0 0 0 0 0 0 0 0 0 0 1 0 0 1 0 0 
0 0 0 0 24 
Read request : 24 a313130
0 8b
1 a0
2 c5
3 28
3 0
3 0
3 0
3 0
3 0
4 eb
0 0 0 0 0 0 0 0 0 0 0 0 0 0 0 0 0 0 0 0 0 0 0 0 0 0 0 0 0 0 0 0 0 0 1 0 1 0 0 0 
0 0 0 0 28 
Read request : 28 30363339
0 8c
1 a0
2 c5
3 2c
3 0
3 0
3 0
3 0
3 0
4 ec
0 0 0 0 0 0 0 0 0 0 0 0 0 0 0 0 0 0 0 0 0 0 0 0 0 0 0 0 0 0 0 0 0 0 1 0 1 1 0 0 
0 0 0 0 2c 
Read request : 2c 31303020
0 8d
1 a0
2 c5
3 30
3 0
3 0
3 0
3 0
3 0
4 ed
0 0 0 0 0 0 0 0 0 0 0 0 0 0 0 0 0 0 0 0 0 0 0 0 0 0 0 0 0 0 0 0 0 0 1 1 0 0 0 0 
0 0 0 0 30 
Read request : 30 33392031
0 8e
1 a0
2 c5
3 34
3 0
3 0
3 0
3 0
3 0
4 ee
0 0 0 0 0 0 0 0 0 0 0 0 0 0 0 0 0 0 0 0 0 0 0 0 0 0 0 0 0 0 0 0 0 0 1 1 0 1 0 0 
0 0 0 0 34 
Read request : 34 32203036
0 8f
1 a0
2 c5
3 38
3 0
3 0
3 0
3 0
3 0
4 ef
0 0 0 0 0 0 0 0 0 0 0 0 0 0 0 0 0 0 0 0 0 0 0 0 0 0 0 0 0 0 0 0 0 0 1 1 1 0 0 0 
0 0 0 0 38 
Read request : 38 20303030
0 90
1 a0
2 c5
3 3c
3 0
3 0
3 0
3 0
3 0
4 f0
0 0 0 0 0 0 0 0 0 0 0 0 0 0 0 0 0 0 0 0 0 0 0 0 0 0 0 0 0 0 0 0 0 0 1 1 1 1 0 0 
0 0 0 0 3c 
Read request : 3c 32306665
0 91
1 a0
2 c5
3 40
3 0
3 0
3 0
3 0
3 0
4 f1
0 0 0 0 0 0 0 0 0 0 0 0 0 0 0 0 0 0 0 0 0 0 0 0 0 0 0 0 0 0 0 0 0 1 0 0 0 0 0 0 
0 0 0 0 40 
Read request : 40 30303820
0 92
1 a0
2 c5
3 44
3 0
3 0
3 0
3 0
3 0
4 f2
0 0 0 0 0 0 0 0 0 0 0 0 0 0 0 0 0 0 0 0 0 0 0 0 0 0 0 0 0 0 0 0 0 1 0 0 0 1 0 0 
0 0 0 0 44 
Read request : 44 33392031
0 93
1 a0
2 c5
3 48
3 0
3 0
3 0
3 0
3 0
4 f3
0 0 0 0 0 0 0 0 0 0 0 0 0 0 0 0 0 0 0 0 0 0 0 0 0 0 0 0 0 0 0 0 0 1 0 0 1 0 0 0 
0 0 0 0 48 
Read request : 48 30203036
0 94
1 a0
2 c5
3 4c
3 0
3 0
3 0
3 0
3 0
4 f4
0 0 0 0 0 0 0 0 0 0 0 0 0 0 0 0 0 0 0 0 0 0 0 0 0 0 0 0 0 0 0 0 0 1 0 0 1 1 0 0 
0 0 0 0 4c 
Read request : 4c a313130
